<?xml version="1.0" encoding="UTF-8"?>
<!-- Generated by org.testng.reporters.JUnitReportReporter -->
<testsuite hostname="DESKTOP-2PSTLR1" failures="0" tests="1" name="com.demoOpencart.testCases.TC_SortingTest" time="7.548" errors="0" timestamp="2022-05-02T20:47:47 IST" skipped="0">
  <testcase classname="com.demoOpencart.testCases.TC_SortingTest" name="sortingTest" time="7.548"/>
  <system-out/>
</testsuite> <!-- com.demoOpencart.testCases.TC_SortingTest -->
